<?xml version="1.0" encoding="UTF-8"?>
<testng-results ignored="0" total="3" passed="3" failed="0" skipped="0">
  <reporter-output>
  </reporter-output>
  <suite started-at="2025-02-24T18:20:24 EET" name="Default suite" finished-at="2025-02-24T18:20:48 EET" duration-ms="24166">
    <groups>
      <group name="cucumber">
        <method signature="AbstractTestNGCucumberTests.runScenario(io.cucumber.testng.PickleWrapper,io.cucumber.testng.FeatureWrapper)[pri:0, instance:Runner.TestRunner@4b2bac3f]" name="runScenario" class="io.cucumber.testng.AbstractTestNGCucumberTests"/>
      </group> <!-- cucumber -->
    </groups>
    <test started-at="2025-02-24T18:20:24 EET" name="Default test" finished-at="2025-02-24T18:20:48 EET" duration-ms="24166">
      <class name="Runner.TestRunner">
        <test-method is-config="true" signature="startDriver(java.lang.String)[pri:0, instance:Runner.TestRunner@4b2bac3f]" started-at="2025-02-24T18:20:19 EET" name="startDriver" finished-at="2025-02-24T18:20:24 EET" duration-ms="5109" status="PASS">
          <params>
            <param index="0">
              <value>
                <![CDATA[chrome]]>
              </value>
            </param>
          </params>
          <reporter-output>
          </reporter-output>
        </test-method> <!-- startDriver -->
        <test-method is-config="true" signature="setUpClass(org.testng.ITestContext)[pri:0, instance:Runner.TestRunner@4b2bac3f]" started-at="2025-02-24T18:20:24 EET" name="setUpClass" finished-at="2025-02-24T18:20:25 EET" duration-ms="424" status="PASS">
          <params>
            <param index="0">
              <value>
                <![CDATA[org.testng.TestRunner@6642dc5a]]>
              </value>
            </param>
          </params>
          <reporter-output>
          </reporter-output>
        </test-method> <!-- setUpClass -->
        <test-method signature="runScenario(io.cucumber.testng.PickleWrapper,io.cucumber.testng.FeatureWrapper)[pri:0, instance:Runner.TestRunner@4b2bac3f]" started-at="2025-02-24T18:20:25 EET" name="runScenario" description="Runs Cucumber Scenarios" data-provider="scenarios" finished-at="2025-02-24T18:20:28 EET" duration-ms="3077" status="PASS">
          <params>
            <param index="0">
              <value>
                <![CDATA["Navigate to Admin Page"]]>
              </value>
            </param>
            <param index="1">
              <value>
                <![CDATA["User Management in OrangeHRM"]]>
              </value>
            </param>
          </params>
          <reporter-output>
          </reporter-output>
        </test-method> <!-- runScenario -->
        <test-method is-config="true" signature="takeScreenshotsOnFaliure(org.testng.ITestResult)[pri:0, instance:Runner.TestRunner@4b2bac3f]" started-at="2025-02-24T18:20:28 EET" name="takeScreenshotsOnFaliure" finished-at="2025-02-24T18:20:28 EET" duration-ms="0" status="PASS">
          <params>
            <param index="0">
              <value>
                <![CDATA[[TestResult name=runScenario status=SUCCESS method=AbstractTestNGCucumberTests.runScenario(io.cucumber.testng.PickleWrapper,io.cucumber.testng.FeatureWrapper)[pri:0, instance:Runner.TestRunner@4b2bac3f] output={null}]]]>
              </value>
            </param>
          </params>
          <reporter-output>
          </reporter-output>
        </test-method> <!-- takeScreenshotsOnFaliure -->
        <test-method signature="runScenario(io.cucumber.testng.PickleWrapper,io.cucumber.testng.FeatureWrapper)[pri:0, instance:Runner.TestRunner@4b2bac3f]" started-at="2025-02-24T18:20:28 EET" name="runScenario" description="Runs Cucumber Scenarios" data-provider="scenarios" finished-at="2025-02-24T18:20:40 EET" duration-ms="12509" status="PASS">
          <params>
            <param index="0">
              <value>
                <![CDATA["Add a new user and verify the record count increases"]]>
              </value>
            </param>
            <param index="1">
              <value>
                <![CDATA["User Management in OrangeHRM"]]>
              </value>
            </param>
          </params>
          <reporter-output>
          </reporter-output>
        </test-method> <!-- runScenario -->
        <test-method is-config="true" signature="takeScreenshotsOnFaliure(org.testng.ITestResult)[pri:0, instance:Runner.TestRunner@4b2bac3f]" started-at="2025-02-24T18:20:40 EET" name="takeScreenshotsOnFaliure" finished-at="2025-02-24T18:20:40 EET" duration-ms="1" status="PASS">
          <params>
            <param index="0">
              <value>
                <![CDATA[[TestResult name=runScenario status=SUCCESS method=AbstractTestNGCucumberTests.runScenario(io.cucumber.testng.PickleWrapper,io.cucumber.testng.FeatureWrapper)[pri:0, instance:Runner.TestRunner@4b2bac3f] output={null}]]]>
              </value>
            </param>
          </params>
          <reporter-output>
          </reporter-output>
        </test-method> <!-- takeScreenshotsOnFaliure -->
        <test-method signature="runScenario(io.cucumber.testng.PickleWrapper,io.cucumber.testng.FeatureWrapper)[pri:0, instance:Runner.TestRunner@4b2bac3f]" started-at="2025-02-24T18:20:40 EET" name="runScenario" description="Runs Cucumber Scenarios" data-provider="scenarios" finished-at="2025-02-24T18:20:48 EET" duration-ms="8091" status="PASS">
          <params>
            <param index="0">
              <value>
                <![CDATA["Search for and delete the new user"]]>
              </value>
            </param>
            <param index="1">
              <value>
                <![CDATA["User Management in OrangeHRM"]]>
              </value>
            </param>
          </params>
          <reporter-output>
          </reporter-output>
        </test-method> <!-- runScenario -->
        <test-method is-config="true" signature="takeScreenshotsOnFaliure(org.testng.ITestResult)[pri:0, instance:Runner.TestRunner@4b2bac3f]" started-at="2025-02-24T18:20:48 EET" name="takeScreenshotsOnFaliure" finished-at="2025-02-24T18:20:48 EET" duration-ms="1" status="PASS">
          <params>
            <param index="0">
              <value>
                <![CDATA[[TestResult name=runScenario status=SUCCESS method=AbstractTestNGCucumberTests.runScenario(io.cucumber.testng.PickleWrapper,io.cucumber.testng.FeatureWrapper)[pri:0, instance:Runner.TestRunner@4b2bac3f] output={null}]]]>
              </value>
            </param>
          </params>
          <reporter-output>
          </reporter-output>
        </test-method> <!-- takeScreenshotsOnFaliure -->
        <test-method is-config="true" signature="tearDownClass()[pri:0, instance:Runner.TestRunner@4b2bac3f]" started-at="2025-02-24T18:20:48 EET" name="tearDownClass" finished-at="2025-02-24T18:20:48 EET" duration-ms="28" status="PASS">
          <reporter-output>
          </reporter-output>
        </test-method> <!-- tearDownClass -->
        <test-method is-config="true" signature="closeDriver()[pri:0, instance:Runner.TestRunner@4b2bac3f]" started-at="2025-02-24T18:20:48 EET" name="closeDriver" finished-at="2025-02-24T18:20:49 EET" duration-ms="102" status="PASS">
          <reporter-output>
          </reporter-output>
        </test-method> <!-- closeDriver -->
      </class> <!-- Runner.TestRunner -->
    </test> <!-- Default test -->
  </suite> <!-- Default suite -->
</testng-results>
