<?xml version="1.0" encoding="UTF-8"?>
<!-- Generated by org.testng.reporters.JUnitReportReporter -->
<testsuite hostname="DRYDNQ3" failures="0" tests="3" name="Tests.checkOutProductAsRegisteredUserTest" time="22.514" errors="0" timestamp="2025-02-24T10:13:55 EET" skipped="0">
  <testcase classname="Tests.checkOutProductAsRegisteredUserTest" name="userNavigateToAdminPage" time="2.761"/>
  <system-out/>
  <testcase classname="Tests.checkOutProductAsRegisteredUserTest" name="userAddNewUser" time="11.826"/>
  <system-out/>
  <testcase classname="Tests.checkOutProductAsRegisteredUserTest" name="userSearchAndDleteUserName" time="7.927"/>
  <system-out/>
</testsuite> <!-- Tests.checkOutProductAsRegisteredUserTest -->
