<?xml version="1.0" encoding="UTF-8"?>
<!-- Generated by org.testng.reporters.JUnitReportReporter -->
<testsuite hostname="DRYDNQ3" failures="0" tests="3" name="Runner.TestRunner" time="23.679" errors="0" timestamp="2025-02-24T18:20:49 EET" skipped="0">
  <testcase classname="Runner.TestRunner" name="runScenario" time="12.510"/>
  <system-out/>
  <testcase classname="Runner.TestRunner" name="runScenario" time="8.092"/>
  <system-out/>
  <testcase classname="Runner.TestRunner" name="runScenario" time="3.077"/>
  <system-out/>
</testsuite> <!-- Runner.TestRunner -->
