<?xml version="1.0" encoding="UTF-8"?>
<!-- Generated by org.testng.reporters.JUnitReportReporter -->
<testsuite hostname="DRYDNQ3" failures="0" tests="3" name="Runner.TestRunner" time="24.683" errors="0" timestamp="2025-02-24T17:17:10 EET" skipped="0">
  <testcase classname="Runner.TestRunner" name="runScenario" time="3.651"/>
  <system-out/>
  <testcase classname="Runner.TestRunner" name="runScenario" time="13.066"/>
  <system-out/>
  <testcase classname="Runner.TestRunner" name="runScenario" time="7.966"/>
  <system-out/>
</testsuite> <!-- Runner.TestRunner -->
