<?xml version="1.0" encoding="UTF-8"?>
<!-- Generated by org.testng.reporters.JUnitReportReporter -->
<testsuite hostname="DRYDNQ3" failures="0" tests="1" name="Steps.userLoginToKashierPortal" time="1.834" errors="1" timestamp="2025-01-16T10:01:47 EET" skipped="0">
  <testcase classname="Steps.userLoginToKashierPortal" name="startDriver" time="1.834">
    <error message="session not created: This version of ChromeDriver only supports Chrome version 114
Current browser version is 131.0.6778.265 with binary path C:\Program Files\Google\Chrome\Application\chrome.exe
Build info: version: &#039;3.9.1&#039;, revision: &#039;63f7b50&#039;, time: &#039;2018-02-07T22:25:02.294Z&#039;
System info: host: &#039;DRYDNQ3&#039;, ip: &#039;192.168.8.109&#039;, os.name: &#039;Windows 11&#039;, os.arch: &#039;amd64&#039;, os.version: &#039;10.0&#039;, java.version: &#039;17.0.11&#039;
Driver info: driver.version: ChromeDriver
remote stacktrace: Backtrace:
	GetHandleVerifier [0x00BFA813+48355]
	(No symbol) [0x00B8C4B1]
	(No symbol) [0x00A95358]
	(No symbol) [0x00AB61AC]
	(No symbol) [0x00AB1EF3]
	(No symbol) [0x00AB0579]
	(No symbol) [0x00AE0C55]
	(No symbol) [0x00AE093C]
	(No symbol) [0x00ADA536]
	(No symbol) [0x00AB82DC]
	(No symbol) [0x00AB93DD]
	GetHandleVerifier [0x00E5AABD+2539405]
	GetHandleVerifier [0x00E9A78F+2800735]
	GetHandleVerifier [0x00E9456C+2775612]
	GetHandleVerifier [0x00C851E0+616112]
	(No symbol) [0x00B95F8C]
	(No symbol) [0x00B92328]
	(No symbol) [0x00B9240B]
	(No symbol) [0x00B84FF7]
	BaseThreadInitThunk [0x76125D49+25]
	RtlInitializeExceptionChain [0x77DACEBB+107]
	RtlGetAppContainerNamedObjectPath [0x77DACE41+561]
" type="org.openqa.selenium.SessionNotCreatedException">
      <![CDATA[org.openqa.selenium.SessionNotCreatedException: session not created: This version of ChromeDriver only supports Chrome version 114
Current browser version is 131.0.6778.265 with binary path C:\Program Files\Google\Chrome\Application\chrome.exe
Build info: version: '3.9.1', revision: '63f7b50', time: '2018-02-07T22:25:02.294Z'
System info: host: 'DRYDNQ3', ip: '192.168.8.109', os.name: 'Windows 11', os.arch: 'amd64', os.version: '10.0', java.version: '17.0.11'
Driver info: driver.version: ChromeDriver
remote stacktrace: Backtrace:
GetHandleVerifier [0x00BFA813+48355]
(No symbol) [0x00B8C4B1]
(No symbol) [0x00A95358]
(No symbol) [0x00AB61AC]
(No symbol) [0x00AB1EF3]
(No symbol) [0x00AB0579]
(No symbol) [0x00AE0C55]
(No symbol) [0x00AE093C]
(No symbol) [0x00ADA536]
(No symbol) [0x00AB82DC]
(No symbol) [0x00AB93DD]
GetHandleVerifier [0x00E5AABD+2539405]
GetHandleVerifier [0x00E9A78F+2800735]
GetHandleVerifier [0x00E9456C+2775612]
GetHandleVerifier [0x00C851E0+616112]
(No symbol) [0x00B95F8C]
(No symbol) [0x00B92328]
(No symbol) [0x00B9240B]
(No symbol) [0x00B84FF7]
BaseThreadInitThunk [0x76125D49+25]
RtlInitializeExceptionChain [0x77DACEBB+107]
RtlGetAppContainerNamedObjectPath [0x77DACE41+561]

at java.base/jdk.internal.reflect.NativeConstructorAccessorImpl.newInstance0(Native Method)
at java.base/jdk.internal.reflect.NativeConstructorAccessorImpl.newInstance(NativeConstructorAccessorImpl.java:77)
at java.base/jdk.internal.reflect.DelegatingConstructorAccessorImpl.newInstance(DelegatingConstructorAccessorImpl.java:45)
at java.base/java.lang.reflect.Constructor.newInstanceWithCaller(Constructor.java:499)
at java.base/java.lang.reflect.Constructor.newInstance(Constructor.java:480)
at org.openqa.selenium.remote.W3CHandshakeResponse.lambda$new$0(W3CHandshakeResponse.java:57)
at org.openqa.selenium.remote.W3CHandshakeResponse.lambda$getResponseFunction$2(W3CHandshakeResponse.java:104)
at org.openqa.selenium.remote.ProtocolHandshake.lambda$createSession$0(ProtocolHandshake.java:123)
at java.base/java.util.stream.ReferencePipeline$3$1.accept(ReferencePipeline.java:197)
at java.base/java.util.Spliterators$ArraySpliterator.tryAdvance(Spliterators.java:1002)
at java.base/java.util.stream.ReferencePipeline.forEachWithCancel(ReferencePipeline.java:129)
at java.base/java.util.stream.AbstractPipeline.copyIntoWithCancel(AbstractPipeline.java:527)
at java.base/java.util.stream.AbstractPipeline.copyInto(AbstractPipeline.java:513)
at java.base/java.util.stream.AbstractPipeline.wrapAndCopyInto(AbstractPipeline.java:499)
at java.base/java.util.stream.FindOps$FindOp.evaluateSequential(FindOps.java:150)
at java.base/java.util.stream.AbstractPipeline.evaluate(AbstractPipeline.java:234)
at java.base/java.util.stream.ReferencePipeline.findFirst(ReferencePipeline.java:647)
at org.openqa.selenium.remote.ProtocolHandshake.createSession(ProtocolHandshake.java:126)
at org.openqa.selenium.remote.ProtocolHandshake.createSession(ProtocolHandshake.java:73)
at org.openqa.selenium.remote.HttpCommandExecutor.execute(HttpCommandExecutor.java:138)
at org.openqa.selenium.remote.service.DriverCommandExecutor.execute(DriverCommandExecutor.java:83)
at org.openqa.selenium.remote.RemoteWebDriver.execute(RemoteWebDriver.java:601)
at org.openqa.selenium.remote.RemoteWebDriver.startSession(RemoteWebDriver.java:219)
at org.openqa.selenium.remote.RemoteWebDriver.<init>(RemoteWebDriver.java:142)
at org.openqa.selenium.chrome.ChromeDriver.<init>(ChromeDriver.java:181)
at org.openqa.selenium.chrome.ChromeDriver.<init>(ChromeDriver.java:168)
at org.openqa.selenium.chrome.ChromeDriver.<init>(ChromeDriver.java:157)
at Tests.TestesBase.startDriver(TestesBase.java:62)
at java.base/jdk.internal.reflect.NativeMethodAccessorImpl.invoke0(Native Method)
at java.base/jdk.internal.reflect.NativeMethodAccessorImpl.invoke(NativeMethodAccessorImpl.java:77)
at java.base/jdk.internal.reflect.DelegatingMethodAccessorImpl.invoke(DelegatingMethodAccessorImpl.java:43)
at java.base/java.lang.reflect.Method.invoke(Method.java:568)
at org.testng.internal.MethodInvocationHelper.invokeMethod(MethodInvocationHelper.java:133)
at org.testng.internal.MethodInvocationHelper.invokeMethodConsideringTimeout(MethodInvocationHelper.java:62)
at org.testng.internal.ConfigInvoker.invokeConfigurationMethod(ConfigInvoker.java:385)
at org.testng.internal.ConfigInvoker.invokeConfigurations(ConfigInvoker.java:321)
at org.testng.SuiteRunner.privateRun(SuiteRunner.java:317)
at org.testng.SuiteRunner.run(SuiteRunner.java:276)
at org.testng.SuiteRunnerWorker.runSuite(SuiteRunnerWorker.java:53)
at org.testng.SuiteRunnerWorker.run(SuiteRunnerWorker.java:96)
at org.testng.TestNG.runSuitesSequentially(TestNG.java:1212)
at org.testng.TestNG.runSuitesLocally(TestNG.java:1134)
at org.testng.TestNG.runSuites(TestNG.java:1063)
at org.testng.TestNG.run(TestNG.java:1031)
at org.testng.remote.AbstractRemoteTestNG.run(AbstractRemoteTestNG.java:115)
at org.testng.remote.RemoteTestNG.initAndRun(RemoteTestNG.java:293)
at org.testng.remote.RemoteTestNG.main(RemoteTestNG.java:91)
]]>
    </error>
  </testcase> <!-- startDriver -->
  <system-out/>
</testsuite> <!-- Steps.userLoginToKashierPortal -->
